Determining if the pthread_create exist failed with the following output:
Change Dir: /home/akarshb2/3D-LiDAR-SLAM/build/CMakeFiles/CMakeTmp

Run Build Command:"/usr/bin/make" "cmTC_7fa5c/fast"
/usr/bin/make -f CMakeFiles/cmTC_7fa5c.dir/build.make CMakeFiles/cmTC_7fa5c.dir/build
make[1]: Entering directory '/home/akarshb2/3D-LiDAR-SLAM/build/CMakeFiles/CMakeTmp'
Building C object CMakeFiles/cmTC_7fa5c.dir/CheckSymbolExists.c.o
/usr/bin/cc     -o CMakeFiles/cmTC_7fa5c.dir/CheckSymbolExists.c.o   -c /home/akarshb2/3D-LiDAR-SLAM/build/CMakeFiles/CMakeTmp/CheckSymbolExists.c
Linking C executable cmTC_7fa5c
/usr/bin/cmake -E cmake_link_script CMakeFiles/cmTC_7fa5c.dir/link.txt --verbose=1
/usr/bin/cc       CMakeFiles/cmTC_7fa5c.dir/CheckSymbolExists.c.o  -o cmTC_7fa5c -rdynamic 
CMakeFiles/cmTC_7fa5c.dir/CheckSymbolExists.c.o: In function `main':
CheckSymbolExists.c:(.text+0x16): undefined reference to `pthread_create'
collect2: error: ld returned 1 exit status
CMakeFiles/cmTC_7fa5c.dir/build.make:97: recipe for target 'cmTC_7fa5c' failed
make[1]: *** [cmTC_7fa5c] Error 1
make[1]: Leaving directory '/home/akarshb2/3D-LiDAR-SLAM/build/CMakeFiles/CMakeTmp'
Makefile:126: recipe for target 'cmTC_7fa5c/fast' failed
make: *** [cmTC_7fa5c/fast] Error 2

File /home/akarshb2/3D-LiDAR-SLAM/build/CMakeFiles/CMakeTmp/CheckSymbolExists.c:
/* */
#include <pthread.h>

int main(int argc, char** argv)
{
  (void)argv;
#ifndef pthread_create
  return ((int*)(&pthread_create))[argc];
#else
  (void)argc;
  return 0;
#endif
}

Determining if the function pthread_create exists in the pthreads failed with the following output:
Change Dir: /home/akarshb2/3D-LiDAR-SLAM/build/CMakeFiles/CMakeTmp

Run Build Command:"/usr/bin/make" "cmTC_89282/fast"
/usr/bin/make -f CMakeFiles/cmTC_89282.dir/build.make CMakeFiles/cmTC_89282.dir/build
make[1]: Entering directory '/home/akarshb2/3D-LiDAR-SLAM/build/CMakeFiles/CMakeTmp'
Building C object CMakeFiles/cmTC_89282.dir/CheckFunctionExists.c.o
/usr/bin/cc    -DCHECK_FUNCTION_EXISTS=pthread_create   -o CMakeFiles/cmTC_89282.dir/CheckFunctionExists.c.o   -c /usr/share/cmake-3.5/Modules/CheckFunctionExists.c
Linking C executable cmTC_89282
/usr/bin/cmake -E cmake_link_script CMakeFiles/cmTC_89282.dir/link.txt --verbose=1
/usr/bin/cc   -DCHECK_FUNCTION_EXISTS=pthread_create    CMakeFiles/cmTC_89282.dir/CheckFunctionExists.c.o  -o cmTC_89282 -rdynamic -lpthreads 
/usr/bin/ld: cannot find -lpthreads
collect2: error: ld returned 1 exit status
CMakeFiles/cmTC_89282.dir/build.make:97: recipe for target 'cmTC_89282' failed
make[1]: *** [cmTC_89282] Error 1
make[1]: Leaving directory '/home/akarshb2/3D-LiDAR-SLAM/build/CMakeFiles/CMakeTmp'
Makefile:126: recipe for target 'cmTC_89282/fast' failed
make: *** [cmTC_89282/fast] Error 2


